2024-05-06T16:02:25+00:00 DEBUG POST: https://ads.tiktok.com/marketing_api/api/developer/app/create_auto_approve/

{"business_platform":"PROD","smb_id":"tt4b_woocommerce_6638ff11b8684httptechtrendtestwp-admin","smb_name":"PROD","redirect_url":"http:\/\/techtrend.test\/wp-admin\/"}
 ajax: no
2024-05-06T16:02:26+00:00 DEBUG Tt4b_Mapi_Class::create_open_source_app: Response: 

HTTP/1.1 200 OK
Content-Type: application/json
X-Tt-Logid: 20240506160225D9B8E7F42B90A732BD67,20240506160225D9B8E7F42B90A732BD67
Strict-Transport-Security: max-age=31536000; includeSubDomains
x-tt-trace-host: 011b11d0d2fb2c5c75001f0f7635fa34a7944891eefc98d1a7978c8aa958ff981528756f5dcd90223f97af0d2c383c91c512df13f3fa9fb68c06b5d21e96a7472a17484e64116d7294d073934fd9d08ba9483663134c3ad5cc3259af924fd7e28707a38b34d13d2e0d58a299334628a9b8
x-tt-trace-id: 00-240506160225D9B8E7F42B90A732BD67-6794B3502C0FEF6E-00
Server: TLB
Content-Encoding: gzip
Content-Length: 204
X-Origin-Response-Time: 39,23.44.5.110
X-Akamai-Request-ID: 15597d.24a304
Date: Mon, 06 May 2024 16:02:26 GMT
X-Cache: TCP_MISS from a104-84-152-151.deploy.akamaitechnologies.com (AkamaiGHost/11.5.0.1-56208139) (-)
Connection: close
Vary: Accept-Encoding
X-Cache-Remote: TCP_MISS from a23-44-5-110.deploy.akamaitechnologies.com (AkamaiGHost/11.5.0.1-56208139) (-)
x-tt-trace-tag: id=16;cdn-cache=miss;type=dyn
Server-Timing: cdn-cache; desc=MISS, edge; dur=350, origin; dur=39
Server-Timing: inner; dur=35
X-Parent-Response-Time: 383,104.84.152.151

{"code":0,"msg":"ok","data":{"app_id":"7365917645754859527","redirect_uri":"http:\/\/techtrend.test\/wp-admin\/","external_data_key":"d596873e-2f0f-4510-a079-7dacc41699c2","app_secret":"55a8f5c00ebc60acc65f5b848b3a797d6b6c05bf"}}

