2024-05-07T16:03:39+00:00 DEBUG Tt4b_Pixel_Class::inject_view_content_event: hit ViewContent
2024-05-07T16:03:39+00:00 DEBUG Tt4b_Pixel_Class::inject_view_content_event: Missing option "access_token"
2024-05-07T16:05:46+00:00 DEBUG Tt4b_Pixel_Class::inject_view_content_event: hit ViewContent
2024-05-07T16:05:46+00:00 DEBUG Tt4b_Pixel_Class::inject_view_content_event: Missing option "access_token"
2024-05-07T16:11:03+00:00 DEBUG Tt4b_Pixel_Class::inject_view_content_event: hit ViewContent
2024-05-07T16:11:03+00:00 DEBUG Tt4b_Pixel_Class::inject_view_content_event: Missing option "access_token"
2024-05-07T16:11:17+00:00 DEBUG Tt4b_Pixel_Class::inject_view_content_event: hit ViewContent
2024-05-07T16:11:17+00:00 DEBUG Tt4b_Pixel_Class::inject_view_content_event: Missing option "access_token"
2024-05-07T16:19:16+00:00 DEBUG Tt4b_Pixel_Class::inject_view_content_event: hit ViewContent
2024-05-07T16:19:16+00:00 DEBUG Tt4b_Pixel_Class::inject_view_content_event: Missing option "access_token"
2024-05-07T16:25:29+00:00 DEBUG Tt4b_Pixel_Class::inject_view_content_event: hit ViewContent
2024-05-07T16:25:29+00:00 DEBUG Tt4b_Pixel_Class::inject_view_content_event: Missing option "access_token"
2024-05-07T16:26:03+00:00 DEBUG Tt4b_Pixel_Class::inject_view_content_event: hit ViewContent
2024-05-07T16:26:03+00:00 DEBUG Tt4b_Pixel_Class::inject_view_content_event: Missing option "access_token"
2024-05-07T16:26:04+00:00 DEBUG Tt4b_Pixel_Class::inject_view_content_event: hit ViewContent
2024-05-07T16:26:04+00:00 DEBUG Tt4b_Pixel_Class::inject_view_content_event: Missing option "access_token"
2024-05-07T16:31:14+00:00 DEBUG Tt4b_Pixel_Class::inject_view_content_event: hit ViewContent
2024-05-07T16:31:14+00:00 DEBUG Tt4b_Pixel_Class::inject_view_content_event: Missing option "access_token"
2024-05-07T16:38:20+00:00 DEBUG Tt4b_Pixel_Class::inject_view_content_event: hit ViewContent
2024-05-07T16:38:20+00:00 DEBUG Tt4b_Pixel_Class::inject_view_content_event: Missing option "access_token"
2024-05-07T16:38:58+00:00 DEBUG Tt4b_Pixel_Class::inject_view_content_event: hit ViewContent
2024-05-07T16:38:58+00:00 DEBUG Tt4b_Pixel_Class::inject_view_content_event: Missing option "access_token"
2024-05-07T16:56:26+00:00 DEBUG Tt4b_Pixel_Class::inject_view_content_event: hit ViewContent
2024-05-07T16:56:26+00:00 DEBUG Tt4b_Pixel_Class::inject_view_content_event: Missing option "access_token"
2024-05-07T16:58:24+00:00 DEBUG Tt4b_Pixel_Class::inject_view_content_event: hit ViewContent
2024-05-07T16:58:24+00:00 DEBUG Tt4b_Pixel_Class::inject_view_content_event: Missing option "access_token"
2024-05-07T16:58:50+00:00 DEBUG Tt4b_Pixel_Class::inject_view_content_event: hit ViewContent
2024-05-07T16:58:50+00:00 DEBUG Tt4b_Pixel_Class::inject_view_content_event: Missing option "access_token"
2024-05-07T16:59:03+00:00 DEBUG Tt4b_Pixel_Class::inject_add_to_cart_event: hit AddToCart
2024-05-07T16:59:03+00:00 DEBUG Tt4b_Pixel_Class::inject_add_to_cart_event: Missing option "access_token"
2024-05-07T16:59:04+00:00 DEBUG Tt4b_Pixel_Class::inject_view_content_event: hit ViewContent
2024-05-07T16:59:04+00:00 DEBUG Tt4b_Pixel_Class::inject_view_content_event: Missing option "access_token"
2024-05-07T17:00:29+00:00 DEBUG Tt4b_Pixel_Class::inject_view_content_event: hit ViewContent
2024-05-07T17:00:29+00:00 DEBUG Tt4b_Pixel_Class::inject_view_content_event: Missing option "access_token"
2024-05-07T17:00:49+00:00 DEBUG Tt4b_Pixel_Class::inject_view_content_event: hit ViewContent
2024-05-07T17:00:49+00:00 DEBUG Tt4b_Pixel_Class::inject_view_content_event: Missing option "access_token"
2024-05-07T17:01:17+00:00 DEBUG Tt4b_Pixel_Class::inject_view_content_event: hit ViewContent
2024-05-07T17:01:17+00:00 DEBUG Tt4b_Pixel_Class::inject_view_content_event: Missing option "access_token"
2024-05-07T17:03:40+00:00 DEBUG Tt4b_Pixel_Class::inject_view_content_event: hit ViewContent
2024-05-07T17:03:40+00:00 DEBUG Tt4b_Pixel_Class::inject_view_content_event: Missing option "access_token"
2024-05-07T17:04:20+00:00 DEBUG Tt4b_Pixel_Class::inject_view_content_event: hit ViewContent
2024-05-07T17:04:20+00:00 DEBUG Tt4b_Pixel_Class::inject_view_content_event: Missing option "access_token"
2024-05-07T17:05:17+00:00 DEBUG Tt4b_Pixel_Class::inject_view_content_event: hit ViewContent
2024-05-07T17:05:17+00:00 DEBUG Tt4b_Pixel_Class::inject_view_content_event: Missing option "access_token"
2024-05-07T17:05:28+00:00 DEBUG Tt4b_Pixel_Class::inject_view_content_event: hit ViewContent
2024-05-07T17:05:28+00:00 DEBUG Tt4b_Pixel_Class::inject_view_content_event: Missing option "access_token"
2024-05-07T17:27:18+00:00 DEBUG POST: https://business-api.tiktok.com/tbp/v2.0/business_profile/disconnect?external_data=

{"business_platform":"WOO_COMMERCE","external_business_id":"tt4b_woocommerce_6638ff11b8684"}
 ajax: no
2024-05-07T17:27:18+00:00 DEBUG Tt4b_Mapi_Class::tbp_post: Response: 

HTTP/1.1 200 OK
Content-Type: application/json; charset=utf-8
Content-Length: 95
X-Api-Deprecation-Info: API for Business Version 1.3 is now live. To avoid disruption to your business, we recommend you migrate all calls to v1.3 as soon as possible. Please visit our migration guide for more details: https://ads.tiktok.com/marketing_api/docs?id=1740029169927169
X-Domain-Change-Info: We have moved to the new domain business-api.tiktok.com for API services after the Platform Upgrade on 09/30/2021. Please update all of your requests with the new domain if you haven't done so already. For more information, please visit https://ads.tiktok.com/marketing_api/docs?rid=esb88xalm6m&id=1709207085043713
X-Tt-Logid: 202405071727177F456E174F639C086560
x-tt-trace-host: 014c657ce8e0661b489df716261dad0278cba985c35f8f28721c35bb312e6ed462462b05dd82cca56e770ae3564e0e101658f74dc30a286d5cc23ab0d8f8a81e3b803fc36adb3b9fc1a225cd02ae945659035d4f4f325499896daa352779b29986074389b504ac81eb209256c26326efb4
x-tt-trace-id: 00-2405071727177F456E174F639C086560-00DF62903A901C8C-00
Server: TLB
X-Origin-Response-Time: 13,23.50.232.181
X-Akamai-Request-ID: 7b4208b.24abf94.993f4cd
X-Parent-Response-Time: 49,23.44.11.6
Expires: Tue, 07 May 2024 17:27:18 GMT
Cache-Control: max-age=0, no-cache, no-store
Pragma: no-cache
Date: Tue, 07 May 2024 17:27:18 GMT
X-Cache: TCP_MISS from a23-73-3-217.deploy.akamaitechnologies.com (AkamaiGHost/11.5.0.1-56213035) (-)
Connection: close
X-Cache-Remote: TCP_MISS from a23-44-11-6.deploy.akamaitechnologies.com (AkamaiGHost/11.5.0.1-56213035) (-)
x-tt-trace-tag: id=16;cdn-cache=miss;type=dyn
Server-Timing: cdn-cache; desc=MISS, edge; dur=208, origin; dur=13
Server-Timing: inner; dur=10
X-Parent-Response-Time: 219,23.73.3.217

{"code":40001,"message":"Permission denied.","request_id":"202405071727177F456E174F639C086560"}

2024-05-07T17:27:18+00:00 DEBUG POST: https://business-api.tiktok.com/tbp/v2.0/shop/connection/disconnect?external_data=

--- EMPTY STRING ---
 ajax: no
2024-05-07T17:27:19+00:00 DEBUG Tt4b_Mapi_Class::tts_shop_disconnect: Response: 

HTTP/1.1 200 OK
Content-Type: application/json; charset=utf-8
Content-Length: 95
X-Api-Deprecation-Info: API for Business Version 1.3 is now live. To avoid disruption to your business, we recommend you migrate all calls to v1.3 as soon as possible. Please visit our migration guide for more details: https://ads.tiktok.com/marketing_api/docs?id=1740029169927169
X-Domain-Change-Info: We have moved to the new domain business-api.tiktok.com for API services after the Platform Upgrade on 09/30/2021. Please update all of your requests with the new domain if you haven't done so already. For more information, please visit https://ads.tiktok.com/marketing_api/docs?rid=esb88xalm6m&id=1709207085043713
X-Tt-Logid: 202405071727179A2CFF8AA5E68508AC84
x-tt-trace-host: 014c657ce8e0661b489df716261dad0278cba985c35f8f28721c35bb312e6ed46281eeebc862edd39d03301b340bf95f42211a053d329f46f84a82587b4fa24eb8a71536995e47ce81ec033dfe66bea9d1d51cc27e2d9c309377d20575934d04e6937984ae4ae6b53ab23b899f86a7e30e
x-tt-trace-id: 00-2405071727179A2CFF8AA5E68508AC84-7C9A8C3578F3F565-00
Server: TLB
X-Origin-Response-Time: 16,23.50.232.179
X-Akamai-Request-ID: 2aa3649.131e832f.9940083
X-Parent-Response-Time: 57,23.44.11.4
Expires: Tue, 07 May 2024 17:27:18 GMT
Cache-Control: max-age=0, no-cache, no-store
Pragma: no-cache
Date: Tue, 07 May 2024 17:27:18 GMT
X-Cache: TCP_MISS from a23-73-3-217.deploy.akamaitechnologies.com (AkamaiGHost/11.5.0.1-56213035) (-)
Connection: close
X-Cache-Remote: TCP_MISS from a23-44-11-4.deploy.akamaitechnologies.com (AkamaiGHost/11.5.0.1-56213035) (-)
x-tt-trace-tag: id=16;cdn-cache=miss;type=dyn
Server-Timing: cdn-cache; desc=MISS, edge; dur=210, origin; dur=16
Server-Timing: inner; dur=11
X-Parent-Response-Time: 226,23.73.3.217

{"code":40001,"message":"Permission denied.","request_id":"202405071727179A2CFF8AA5E68508AC84"}

